923724 122168 525
600164 417199 470
893334 114135 525
251255 455293 449
513702 233760 470
529365 365496 470
147606 186977 383
652437 952881 525
920687 165625 525
740834 203064 509
802298 298653 509
815941 681735 504
117623 394410 443
134406 907598 525
168814 320418 443
693100 732555 504
245608 501159 449
149549 857590 525
869167 642335 525
147224 607255 470
188034 47685 383
626436 384244 509
150678 24025 375
61617 256129 443
468312 368647 449
995806 860128 507
887038 256906 525
542839 427326 470
304575 69280 443
621696 910162 525
241065 944510 525
940047 739848 525
403275 977795 525
890306 836649 525
553101 920693 525
400451 884581 525
792819 309426 509
364751 257431 441
988670 271787 525
349740 40687 443
494043 647794 509
753708 731572 424
253372 228690 443
453183 64887 449
249200 583354 470
901402 934941 476
245467 753237 509
625471 320739 470
770355 975507 525
488665 869654 525
501115 391299 449
65877 260956 443
568717 663983 509
131481 601322 470
350179 497241 449
583103 507589 470
120991 659620 509
118368 410059 449
259420 285485 407
776215 820605 468
557082 835798 509
380573 953716 525
2825 480993 449
686754 331472 509
774530 472715 509
986510 626861 525
529444 625366 452
6042 803485 509
740162 795874 468
904498 290827 525
150524 962163 525
97529 191339 383
412393 409634 449
545893 286306 470
176324 984688 525
479825 368363 449
673539 838345 525
474572 61189 449
511500 250896 449
241647 924021 525
439343 618610 470
420423 42731 449
771427 467977 509
909255 867714 445
522093 103926 470
696654 709574 504
789063 841522 525
845883 551620 525
234238 514393 470
126052 596378 470
809376 305383 509
886378 265662 525
610562 813652 509
241779 63188 443
866235 359546 525
950734 970752 458
966027 162977 525
896550 482843 525
895942 533336 525
457783 162562 449
166710 661875 509
402518 14667 443
489467 101512 449
281245 340500 389
803542 40974 509
425688 857978 525
751591 265667 509
649185 171958 509
983449 114659 525
968050 500138 525
546024 368756 470
449511 417156 418
517849 344644 470
37496 476059 449
326334 102758 443
307885 200543 443
405751 700458 509
932202 627883 525
271768 862692 525
875382 107431 525
550118 577546 421
543369 379371 470
128813 813539 509
469090 30126 449
207722 364484 443
279229 368407 441
766687 334465 509
923558 156405 525
71452 171719 383
324102 470201 449
982819 275106 525
837652 258019 509
519605 528071 408
969877 700021 525
419361 311371 449
630762 766654 504
418789 524741 470
99321 579741 470
57007 48261 340
262278 652819 509
907058 758159 525
163857 770404 509
185404 784203 509
203312 960787 525
145514 47744 375
740133 49967 509
714309 966482 525
718928 828359 468
656972 403391 509
997981 249562 525
625086 636955 509
20258 733288 509
580330 49133 470
419461 639043 509
260504 771434 509
112111 659643 509
171611 777718 509
908609 645497 525
778093 712661 468
340446 28555 443
330704 173465 443
579014 109904 470
507431 725593 509
118131 177934 383
350578 451105 449
78735 154138 375
336003 569480 470
202330 110055 383
69704 803587 509
450998 597744 470
634372 311936 509
225985 393790 443
644655 456921 509
824929 906331 525
580487 863720 525
269345 855367 525
668609 449957 509
592848 651527 509
557891 31596 470
321678 360162 441
593447 927046 525
433689 76716 449
271079 482120 449
351813 136928 443
463672 864405 525
50843 672235 509
82482 870707 525
169290 7717 383
55078 649177 509
791851 63379 509
421129 801198 509
247317 683658 509
850441 156952 525
620520 973499 525
421385 999244 525
959162 192652 525
59933 153482 375
950695 511510 525
140846 954709 525
369120 914873 525
764342 213303 509
608620 669452 509
53663 253145 443
209525 48346 383
970565 923538 507
705483 591303 509
899035 646720 525
716971 433379 509
586007 223643 470
840360 597097 525
189240 917343 525
828910 36394 509
222450 374756 443
678483 913798 525
845502 19943 525
371985 558658 470
314451 280212 389
624428 903018 525
738727 629378 504
801619 454413 509
590163 367032 470
908978 205472 525
697685 910473 525
742629 796817 468
203808 930153 525
217522 583950 470
400692 471748 449
395809 677991 509
565304 632689 509
496223 963311 525
828832 937473 525
331919 624864 470
201596 278369 443
236903 219800 443
471708 274086 449
540794 609032 452
928244 889279 476
330903 666912 509
488208 60648 449
94 861975 525
487132 399559 449
19552 752476 509
964567 519317 525
476900 780599 509
115322 536799 470
383169 660163 509
713743 19700 509
868839 75774 525
552290 628448 509
235528 532679 470
740937 873901 525
56248 543694 470
164320 824129 509
818392 667222 504
586580 851671 525
450514 797163 509
219607 238384 443
37158 438320 449
107307 570841 470
346768 338939 441
747786 980788 525
83969 816956 509
557523 811733 509
782373 296365 509
608605 463207 470
128031 981510 525
559850 292676 470
469493 149016 449
412005 562460 470
147992 770131 509
273829 364091 441
480828 887002 525
559837 590464 434
460350 548674 470
548375 332552 470
406296 376522 436
144683 170880 383
251266 21802 443
731611 634606 504
120005 63657 354
15709 638790 509
986801 861975 507
792842 445965 509
651025 264169 509
110778 749819 509
69477 784117 509
755467 947988 525
827575 824242 419
835699 975816 525
17621 615950 470
946306 254712 525
727647 22593 509
998017 402698 525
593360 648555 509
408118 634734 509
462279 579111 470
637759 97398 509
332335 829603 509
683082 741738 504
287972 751763 509
682049 500535 509
715967 837882 525
88246 115309 354
529524 512330 439
114313 525927 470
393924 824052 509
315955 535969 470
579565 413538 470
560133 818044 509
224504 261780 443
835819 264275 509
618932 532746 452
553921 800802 509
927256 238339 525
775918 25111 509
946948 202160 525
398237 776984 509
21302 405654 443
465368 509222 426
633969 753650 504
880716 844809 432
787389 473039 509
408725 90504 443
839041 835 525
902561 311086 525
251780 440564 449
615676 511755 470
358641 71481 443
526844 908406 525
692017 474844 509
367810 807238 509
779457 280109 509
507024 721038 509
366270 892083 525
561237 262528 470
916247 627792 525
751842 382001 509
506666 448080 444
802698 697212 504
468444 42072 449
689041 981970 525
620843 783442 509
652313 590267 509
795914 58517 509
985178 146866 525
160614 228655 386
321744 822118 509
906643 122384 525
15158 755340 509
186399 681502 509
848671 863631 419
441478 128894 449
374041 275715 441
709625 656696 504
202112 16967 383
68592 415896 449
733048 444218 509
821019 796586 450
454909 674153 509
92481 865315 525
305206 822971 509
931515 747383 525
995917 609928 525
950557 730467 525
212656 963526 525
590399 937796 525
207733 415475 449
694220 471244 509
740682 946679 525
836617 451203 509
412841 73744 449
600520 112845 470
819800 311493 509
387206 710244 509
84103 345131 443
77433 87914 338
302548 364851 441
712138 933969 525
119607 142862 375
799300 768643 468
603581 222432 470
137906 383031 443
547313 260626 470
210408 841422 525
687529 174416 509
851143 491718 525
972283 837896 507
874573 841553 432
90676 386695 443
173853 984512 525
196298 718273 509
86514 27095 351
18985 395215 443
911753 809635 525
554338 357406 470
344982 910708 525
216511 910870 525
966448 946402 414
294066 392854 441
66479 602448 470
480364 490900 413
757266 378340 509
177274 108278 383
436621 129325 449
419290 198845 449
695600 567662 509
69434 334382 443
409481 913410 525
453865 643129 509
449656 418524 418
674678 793518 504
968339 276752 525
250179 911351 525
173103 346262 443
473981 450894 444
431794 145205 449
268981 175597 443
755350 224144 509
245594 636538 509
405483 144463 443
844100 542511 525
937795 99078 525
292454 676290 509
905198 34501 525
780657 290187 509
208184 967628 525
900228 961012 507
316830 578608 470
641713 135234 509
422297 564251 470
363354 781825 509
169099 807173 509
508782 298370 449
709857 319099 509
286237 668335 509
67278 37454 340
220408 799182 509
89778 267099 443
762300 488703 509
7085 336094 443
498882 889292 525
512757 103597 470
745946 900902 525
881459 42675 525
226560 405866 443
51538 445533 449
993991 589214 525
468065 622666 470
968074 111595 525
351921 471012 449
292632 563708 470
162360 454411 449
480705 734061 509
696025 195473 509
760526 333288 509
205771 103583 383
93734 655384 509
827177 985490 525
513991 808859 509
317653 864530 525
905819 81065 525
388671 745201 509
561449 35680 470
501174 442504 444
477844 683136 509
555398 450702 470
472313 660190 509
854610 149892 525
780792 969097 525
542142 743561 509
894093 333642 525
405586 786309 509
796541 465908 509
983393 926402 507
331183 828735 509
560648 555486 359
348049 506602 449
634297 83394 509
171803 195687 365
368532 886417 525
874212 5538 525
372627 689447 509
931997 690982 525
5886 4237 236
921708 607420 525
816235 700401 504
508801 441498 444
809919 700134 504
390581 800783 509
296453 979373 525
689251 898943 525
219632 451819 449
357325 744336 509
804204 411116 509
798107 10472 509
523911 562102 452
122646 743854 509
592747 451008 470
848168 990386 507
995053 548877 525
131844 598091 470
827621 956436 525
48507 757190 509
76865 260637 443
481502 998494 525
122180 80688 354
766181 662922 504
531128 959100 525
87880 499719 449
237025 18282 443
710421 472631 509
655971 723717 504
893405 632819 525
573698 349422 470
605107 583572 434
551124 811518 509
307057 375112 441
972140 960995 458
312493 346018 441
948485 869570 507
599642 963339 525
346352 696579 509
613168 783378 509
32971 283843 443
137344 260765 443
145339 314183 443
853427 924759 476
250532 93763 443
158422 488990 449
505185 522680 470
748 662302 509
93135 92303 315
856528 665938 525
883047 166770 525
523554 392517 470
950012 932223 507
904528 732241 525
961516 483801 525
459308 396653 449
921901 902559 476
326216 80179 443
717289 68255 509
395523 572008 470
897543 189575 525
680342 834388 504
432177 622591 470
397804 749051 509
979081 498306 525
789046 900193 525
415582 517405 470
982072 798715 525
115203 639925 509
643059 641139 416
990630 564262 525
647741 702605 442
66504 601713 470
703270 44279 509
482428 554894 470
602288 994857 525
797837 193747 509
324734 389690 441
629989 289083 509
553019 729903 509
643099 311644 509
813860 688778 504
39227 196316 383
980859 933073 507
996404 252286 525
956878 89760 525
438860 843214 525
796874 253222 509
249082 800052 509
189490 291617 443
866956 439235 525
32168 319229 443
956585 201211 525
14338 864436 525
790573 240870 509
699458 768371 504
566032 877332 525
956209 193587 525
952186 556552 525
481901 66260 449
199651 146703 383
681957 441898 509
740042 564147 509
287951 609878 470
126900 994569 525
911494 562667 525
999938 297764 525
953948 114581 525
222048 231349 443
947971 182538 525
587966 261656 470
297533 984738 525
77595 78241 276
32563 732518 509
129791 547088 470
751562 693598 504
579933 430387 470
10913 820177 509
614769 673191 509
509143 737820 509
235342 899737 525
69002 754248 509
6844 195692 383
159595 78058 383
210665 142510 383
141149 737643 509
456975 84992 449
373325 224987 443
256713 682237 509
682486 645614 442
522954 356750 470
438308 829580 509
82776 992760 525
886345 525419 525
712852 843945 525
299944 695321 509
498416 825683 509
857484 231619 525
92916 282967 443
857510 346132 525
122246 196822 383
995591 882942 507
835975 715246 468
74169 50193 340
169845 493086 449
145059 428834 449
912174 591459 525
69815 413112 449
177474 472551 449
290928 87946 443
628256 924649 525
635926 987651 525
183344 180375 365
844573 527528 525
503832 995847 525
739507 411678 509
55307 10582 340
712008 764374 424
50096 23648 324
992995 984476 427
844788 248590 525
457633 350211 449
975023 10604 525
79855 28990 351
322091 738810 509
764119 568809 509
10047 591926 470
572580 646535 509
755175 360318 509
593207 392196 470
868004 227948 525
228323 285408 443
555403 835989 509
27746 724913 509
660722 574561 509
315424 754542 509
419126 767405 509
714066 601341 509
220329 762205 509
447836 228177 449
305895 939630 525
822060 838175 525
39306 225206 386
577863 54945 470
304022 100678 443
778666 576392 509
541671 161483 470
60390 253831 443
258483 772906 509
81267 708397 509
834404 385697 509
915378 149248 525
9040 628012 509
826403 343906 509
921944 73206 525
748658 759734 424
936765 461714 525
495130 101001 449
369988 585085 470
125642 976348 525
108362 857063 525
833458 477685 509
729877 116661 509
499532 86267 449
349628 107557 443
252162 569235 470
491152 514430 470
917072 940392 507
604224 546854 434
405423 122388 443
656514 593891 509
524351 219067 470
867061 156928 525
740049 520022 509
723019 996457 525
484709 441941 444
814423 152594 509
945332 603676 525
175078 589367 470
619221 879817 525
747916 933239 525
34052 350385 443
619864 467797 470
991334 267610 525
30678 180669 383
113946 962250 525
655865 16094 509
422676 63928 449
16001 367568 443
935978 417983 525
760388 669234 504
425997 751938 509
543413 117927 470
836021 486099 509
546344 137881 470
73311 116450 354
977653 409164 525
858130 535569 525
444020 444905 325
416134 672767 509
645102 539066 509
371246 892573 525
512160 211809 470
676818 663495 442
812386 636317 504
98492 101307 341
127457 73134 354
299871 327332 384
518386 762514 509
269039 179119 443
16352 119820 354
638176 580693 509
790738 902483 525
260011 358729 441
965900 963089 414
139595 811214 509
228752 293920 443
531129 654554 509
758752 265197 509
600554 671982 509
355004 607325 470
927217 947160 507
150949 26924 375
615811 864829 525
637846 364847 509
742789 414992 509
896100 28061 525
720873 648203 504
671679 997238 525
278561 761389 509
716629 147252 509
515499 717142 509
630682 619327 509
916582 631612 525
667910 102209 509
829462 251877 509
199783 144177 383
437299 654790 509
882638 163551 525
961093 215923 525
542826 248484 470
743651 353921 509
824455 309867 509
495163 498584 351
347315 899224 525
393039 118248 443
453777 565000 470
93623 310190 443
184915 134437 383
750904 586593 509
811300 361314 509
919989 184226 525
771279 752993 468
528660 869799 525
334227 506617 449
500410 718389 509
544692 352391 470
139992 727417 509
902466 604222 525
412409 591443 470
223507 863194 525
92006 917940 525
130607 360848 443
668269 395031 509
134260 674195 509
357083 833652 509
773558 336860 509
378965 718809 509
620344 304632 470
520818 772714 509
401501 248845 441
819542 391022 509
754087 304099 509
735381 304659 509
581023 728111 509
231412 575502 470
43915 274092 443
7351 402379 443
884202 952196 507
317074 389786 441
320030 582449 470
532789 831623 509
520611 242283 470
589528 741104 509
711089 408633 509
56983 44006 340
448202 531358 470
672172 754670 504
828412 550809 509
978794 576511 525
258372 450484 449
171478 457388 449
29523 794580 509
978299 377274 525
864012 334284 525
578259 110932 470
891719 301913 525
582961 226716 470
217754 166972 386
24611 703220 509
209264 472840 449
628348 916018 525
556203 686942 509
135196 487032 449
123933 790254 509
131594 487539 449
523858 525584 408
769931 7804 509
687037 925547 525
998038 222331 525
477317 947891 525
186335 994719 525
637376 217335 509
705932 447558 509
254346 833365 509
717003 468912 509
94030 920302 525
5367 533089 470
379428 180670 443
482962 472615 413
923339 876275 476
976843 302776 525
720894 240284 509
402721 158180 443
44995 902436 525
303050 95101 443
183759 949669 525
129337 216157 383
671393 148430 509
313167 356284 441
743908 153576 509
709134 380527 509
646565 321847 509
595805 986153 525
803214 273382 509
725054 846 509
419370 403429 449
30947 998649 525
959608 642209 525
248711 223764 443
305008 856854 525
754912 186398 509
888754 366492 525
871110 830621 525
281248 371327 441
636188 996482 525
185275 836611 509
385137 628197 509
715978 430500 509
275478 110406 443
387783 754755 509
978320 312391 525
881849 798855 525
38987 611582 470
845759 676778 525
741492 527131 509
748258 986059 525
619808 419581 470
265641 118793 443
33618 304121 443
412933 761107 509
807715 971607 525
982774 398932 525
472178 28206 449
824610 745164 468
816968 309330 509
259046 251186 363
419530 805806 509
126628 460975 449
708756 140366 509
409774 612154 470
79857 830032 509
684884 801633 504
243904 702861 509
554568 37787 470
89641 107297 354
980983 366537 525
886645 760592 525
273549 483115 449
428924 149472 449
793970 539932 509
212017 257899 443
249528 616553 470
800683 985039 525
153272 724396 509
332226 864147 525
707548 182111 509
831354 66178 509
991496 794714 525
949458 976644 458
50650 549903 470
163023 672718 509
750029 147245 509
48993 987952 525
375005 455837 449
908545 963841 507
954726 925828 507
699533 327985 509
779805 81740 509
708283 490030 509
256996 685311 509
263952 14228 443
655706 516933 509
918804 20729 525
837853 364457 525
864419 896853 445
32363 275354 443
871746 28821 525
991559 845350 507
960698 110652 525
831059 828766 375
369752 38020 443
570952 549563 421
287947 175190 443
594343 702725 509
208223 142828 383
102429 861805 525
875968 984459 507
791051 2686 509
412691 387237 449
923134 602649 525
877671 854724 432
670399 351862 509
199572 330286 443
923111 544045 525
864085 505688 525
499212 563956 470
316994 735131 509
442732 144438 449
54531 84662 351
440244 244392 449
295031 307155 371
926234 27234 525
544141 656656 509
17423 496560 449
413242 173339 449
606673 540623 452
972408 307602 525
347599 64971 443
587174 485057 470
824161 213753 509
278920 812857 509
743803 526008 509
472640 940986 525
34850 546455 470
998877 833151 525
931010 335682 525
339571 448064 449
751129 358082 509
268189 927074 525
898859 499796 525
355269 39600 443
466295 576811 470
225328 851761 525
649189 691868 442
187054 975833 525
26988 983030 525
412702 181480 449
556417 8957 470
77592 513731 470
494369 881132 525
175340 309047 443
510431 288608 449
815808 899326 525
891037 367356 525
892873 341513 525
618050 374377 470
564971 359687 470
46434 225977 386
872901 349711 525
749012 149590 509
88427 504695 449
480878 184727 449
577983 399570 470
62982 341370 443
780557 367787 509
750830 444821 509
